<?xml version="1.0" encoding="UTF-8"?>
<testsuite xmlns:xsi="http://www.w3.org/2001/XMLSchema-instance" xsi:noNamespaceSchemaLocation="https://maven.apache.org/surefire/maven-surefire-plugin/xsd/surefire-test-report-3.0.xsd" version="3.0" name="automationframework.support.helpers.files.YmlTest" time="0.05" tests="1" errors="0" skipped="0" failures="0">
  <properties>
    <property name="java.specification.version" value="17"/>
    <property name="sun.cpu.isalist" value="amd64"/>
    <property name="sun.jnu.encoding" value="Cp1252"/>
    <property name="java.class.path" value="C:\Users\anass\OneDrive\Documents\Automation\AutomationFrameworkLibrary\target\test-classes;C:\Users\anass\OneDrive\Documents\Automation\AutomationFrameworkLibrary\target\classes;C:\Users\anass\.m2\repository\org\seleniumhq\selenium\selenium-java\4.18.1\selenium-java-4.18.1.jar;C:\Users\anass\.m2\repository\org\seleniumhq\selenium\selenium-chrome-driver\4.18.1\selenium-chrome-driver-4.18.1.jar;C:\Users\anass\.m2\repository\com\google\auto\service\auto-service-annotations\1.1.1\auto-service-annotations-1.1.1.jar;C:\Users\anass\.m2\repository\org\seleniumhq\selenium\selenium-chromium-driver\4.18.1\selenium-chromium-driver-4.18.1.jar;C:\Users\anass\.m2\repository\org\seleniumhq\selenium\selenium-json\4.18.1\selenium-json-4.18.1.jar;C:\Users\anass\.m2\repository\org\seleniumhq\selenium\selenium-manager\4.18.1\selenium-manager-4.18.1.jar;C:\Users\anass\.m2\repository\org\seleniumhq\selenium\selenium-devtools-v120\4.18.1\selenium-devtools-v120-4.18.1.jar;C:\Users\anass\.m2\repository\org\seleniumhq\selenium\selenium-devtools-v121\4.18.1\selenium-devtools-v121-4.18.1.jar;C:\Users\anass\.m2\repository\org\seleniumhq\selenium\selenium-devtools-v122\4.18.1\selenium-devtools-v122-4.18.1.jar;C:\Users\anass\.m2\repository\org\seleniumhq\selenium\selenium-devtools-v85\4.18.1\selenium-devtools-v85-4.18.1.jar;C:\Users\anass\.m2\repository\org\seleniumhq\selenium\selenium-edge-driver\4.18.1\selenium-edge-driver-4.18.1.jar;C:\Users\anass\.m2\repository\org\seleniumhq\selenium\selenium-firefox-driver\4.18.1\selenium-firefox-driver-4.18.1.jar;C:\Users\anass\.m2\repository\org\seleniumhq\selenium\selenium-http\4.18.1\selenium-http-4.18.1.jar;C:\Users\anass\.m2\repository\dev\failsafe\failsafe\3.3.2\failsafe-3.3.2.jar;C:\Users\anass\.m2\repository\org\seleniumhq\selenium\selenium-ie-driver\4.18.1\selenium-ie-driver-4.18.1.jar;C:\Users\anass\.m2\repository\org\seleniumhq\selenium\selenium-safari-driver\4.18.1\selenium-safari-driver-4.18.1.jar;C:\Users\anass\.m2\repository\org\junit\jupiter\junit-jupiter-api\5.10.2\junit-jupiter-api-5.10.2.jar;C:\Users\anass\.m2\repository\org\opentest4j\opentest4j\1.3.0\opentest4j-1.3.0.jar;C:\Users\anass\.m2\repository\org\junit\platform\junit-platform-commons\1.10.2\junit-platform-commons-1.10.2.jar;C:\Users\anass\.m2\repository\org\apiguardian\apiguardian-api\1.1.2\apiguardian-api-1.1.2.jar;C:\Users\anass\.m2\repository\io\appium\java-client\9.2.2\java-client-9.2.2.jar;C:\Users\anass\.m2\repository\org\seleniumhq\selenium\selenium-api\4.19.1\selenium-api-4.19.1.jar;C:\Users\anass\.m2\repository\org\seleniumhq\selenium\selenium-remote-driver\4.19.1\selenium-remote-driver-4.19.1.jar;C:\Users\anass\.m2\repository\com\google\guava\guava\33.1.0-jre\guava-33.1.0-jre.jar;C:\Users\anass\.m2\repository\com\google\guava\failureaccess\1.0.2\failureaccess-1.0.2.jar;C:\Users\anass\.m2\repository\com\google\guava\listenablefuture\9999.0-empty-to-avoid-conflict-with-guava\listenablefuture-9999.0-empty-to-avoid-conflict-with-guava.jar;C:\Users\anass\.m2\repository\com\google\code\findbugs\jsr305\3.0.2\jsr305-3.0.2.jar;C:\Users\anass\.m2\repository\org\checkerframework\checker-qual\3.42.0\checker-qual-3.42.0.jar;C:\Users\anass\.m2\repository\com\google\errorprone\error_prone_annotations\2.26.1\error_prone_annotations-2.26.1.jar;C:\Users\anass\.m2\repository\com\google\j2objc\j2objc-annotations\3.0.0\j2objc-annotations-3.0.0.jar;C:\Users\anass\.m2\repository\io\opentelemetry\semconv\opentelemetry-semconv\1.23.1-alpha\opentelemetry-semconv-1.23.1-alpha.jar;C:\Users\anass\.m2\repository\io\opentelemetry\opentelemetry-api\1.36.0\opentelemetry-api-1.36.0.jar;C:\Users\anass\.m2\repository\io\opentelemetry\opentelemetry-context\1.36.0\opentelemetry-context-1.36.0.jar;C:\Users\anass\.m2\repository\io\opentelemetry\opentelemetry-exporter-logging\1.36.0\opentelemetry-exporter-logging-1.36.0.jar;C:\Users\anass\.m2\repository\io\opentelemetry\opentelemetry-sdk-common\1.36.0\opentelemetry-sdk-common-1.36.0.jar;C:\Users\anass\.m2\repository\io\opentelemetry\opentelemetry-sdk-extension-autoconfigure-spi\1.36.0\opentelemetry-sdk-extension-autoconfigure-spi-1.36.0.jar;C:\Users\anass\.m2\repository\io\opentelemetry\opentelemetry-sdk-extension-autoconfigure\1.36.0\opentelemetry-sdk-extension-autoconfigure-1.36.0.jar;C:\Users\anass\.m2\repository\io\opentelemetry\opentelemetry-api-events\1.36.0-alpha\opentelemetry-api-events-1.36.0-alpha.jar;C:\Users\anass\.m2\repository\io\opentelemetry\opentelemetry-sdk-trace\1.36.0\opentelemetry-sdk-trace-1.36.0.jar;C:\Users\anass\.m2\repository\io\opentelemetry\opentelemetry-extension-incubator\1.36.0-alpha\opentelemetry-extension-incubator-1.36.0-alpha.jar;C:\Users\anass\.m2\repository\io\opentelemetry\opentelemetry-sdk\1.36.0\opentelemetry-sdk-1.36.0.jar;C:\Users\anass\.m2\repository\io\opentelemetry\opentelemetry-sdk-metrics\1.36.0\opentelemetry-sdk-metrics-1.36.0.jar;C:\Users\anass\.m2\repository\io\opentelemetry\opentelemetry-sdk-logs\1.36.0\opentelemetry-sdk-logs-1.36.0.jar;C:\Users\anass\.m2\repository\net\bytebuddy\byte-buddy\1.14.12\byte-buddy-1.14.12.jar;C:\Users\anass\.m2\repository\org\seleniumhq\selenium\selenium-os\4.19.1\selenium-os-4.19.1.jar;C:\Users\anass\.m2\repository\org\apache\commons\commons-exec\1.3\commons-exec-1.3.jar;C:\Users\anass\.m2\repository\org\seleniumhq\selenium\selenium-support\4.19.1\selenium-support-4.19.1.jar;C:\Users\anass\.m2\repository\com\google\code\gson\gson\2.10.1\gson-2.10.1.jar;C:\Users\anass\.m2\repository\org\slf4j\slf4j-api\2.0.12\slf4j-api-2.0.12.jar;C:\Users\anass\.m2\repository\org\yaml\snakeyaml\2.0\snakeyaml-2.0.jar;"/>
    <property name="java.vm.vendor" value="Oracle Corporation"/>
    <property name="sun.arch.data.model" value="64"/>
    <property name="user.variant" value=""/>
    <property name="java.vendor.url" value="https://java.oracle.com/"/>
    <property name="user.timezone" value="Asia/Bangkok"/>
    <property name="os.name" value="Windows 10"/>
    <property name="java.vm.specification.version" value="17"/>
    <property name="sun.java.launcher" value="SUN_STANDARD"/>
    <property name="user.country" value="US"/>
    <property name="sun.boot.library.path" value="C:\Program Files\Java\jdk-17\bin"/>
    <property name="sun.java.command" value="C:\Users\anass\AppData\Local\Temp\surefire11404520816238379849\surefirebooter-20240422215232330_3.jar C:\Users\anass\AppData\Local\Temp\surefire11404520816238379849 2024-04-22T21-52-32_206-jvmRun1 surefire-20240422215232330_1tmp surefire_0-20240422215232330_2tmp"/>
    <property name="jdk.debug" value="release"/>
    <property name="surefire.test.class.path" value="C:\Users\anass\OneDrive\Documents\Automation\AutomationFrameworkLibrary\target\test-classes;C:\Users\anass\OneDrive\Documents\Automation\AutomationFrameworkLibrary\target\classes;C:\Users\anass\.m2\repository\org\seleniumhq\selenium\selenium-java\4.18.1\selenium-java-4.18.1.jar;C:\Users\anass\.m2\repository\org\seleniumhq\selenium\selenium-chrome-driver\4.18.1\selenium-chrome-driver-4.18.1.jar;C:\Users\anass\.m2\repository\com\google\auto\service\auto-service-annotations\1.1.1\auto-service-annotations-1.1.1.jar;C:\Users\anass\.m2\repository\org\seleniumhq\selenium\selenium-chromium-driver\4.18.1\selenium-chromium-driver-4.18.1.jar;C:\Users\anass\.m2\repository\org\seleniumhq\selenium\selenium-json\4.18.1\selenium-json-4.18.1.jar;C:\Users\anass\.m2\repository\org\seleniumhq\selenium\selenium-manager\4.18.1\selenium-manager-4.18.1.jar;C:\Users\anass\.m2\repository\org\seleniumhq\selenium\selenium-devtools-v120\4.18.1\selenium-devtools-v120-4.18.1.jar;C:\Users\anass\.m2\repository\org\seleniumhq\selenium\selenium-devtools-v121\4.18.1\selenium-devtools-v121-4.18.1.jar;C:\Users\anass\.m2\repository\org\seleniumhq\selenium\selenium-devtools-v122\4.18.1\selenium-devtools-v122-4.18.1.jar;C:\Users\anass\.m2\repository\org\seleniumhq\selenium\selenium-devtools-v85\4.18.1\selenium-devtools-v85-4.18.1.jar;C:\Users\anass\.m2\repository\org\seleniumhq\selenium\selenium-edge-driver\4.18.1\selenium-edge-driver-4.18.1.jar;C:\Users\anass\.m2\repository\org\seleniumhq\selenium\selenium-firefox-driver\4.18.1\selenium-firefox-driver-4.18.1.jar;C:\Users\anass\.m2\repository\org\seleniumhq\selenium\selenium-http\4.18.1\selenium-http-4.18.1.jar;C:\Users\anass\.m2\repository\dev\failsafe\failsafe\3.3.2\failsafe-3.3.2.jar;C:\Users\anass\.m2\repository\org\seleniumhq\selenium\selenium-ie-driver\4.18.1\selenium-ie-driver-4.18.1.jar;C:\Users\anass\.m2\repository\org\seleniumhq\selenium\selenium-safari-driver\4.18.1\selenium-safari-driver-4.18.1.jar;C:\Users\anass\.m2\repository\org\junit\jupiter\junit-jupiter-api\5.10.2\junit-jupiter-api-5.10.2.jar;C:\Users\anass\.m2\repository\org\opentest4j\opentest4j\1.3.0\opentest4j-1.3.0.jar;C:\Users\anass\.m2\repository\org\junit\platform\junit-platform-commons\1.10.2\junit-platform-commons-1.10.2.jar;C:\Users\anass\.m2\repository\org\apiguardian\apiguardian-api\1.1.2\apiguardian-api-1.1.2.jar;C:\Users\anass\.m2\repository\io\appium\java-client\9.2.2\java-client-9.2.2.jar;C:\Users\anass\.m2\repository\org\seleniumhq\selenium\selenium-api\4.19.1\selenium-api-4.19.1.jar;C:\Users\anass\.m2\repository\org\seleniumhq\selenium\selenium-remote-driver\4.19.1\selenium-remote-driver-4.19.1.jar;C:\Users\anass\.m2\repository\com\google\guava\guava\33.1.0-jre\guava-33.1.0-jre.jar;C:\Users\anass\.m2\repository\com\google\guava\failureaccess\1.0.2\failureaccess-1.0.2.jar;C:\Users\anass\.m2\repository\com\google\guava\listenablefuture\9999.0-empty-to-avoid-conflict-with-guava\listenablefuture-9999.0-empty-to-avoid-conflict-with-guava.jar;C:\Users\anass\.m2\repository\com\google\code\findbugs\jsr305\3.0.2\jsr305-3.0.2.jar;C:\Users\anass\.m2\repository\org\checkerframework\checker-qual\3.42.0\checker-qual-3.42.0.jar;C:\Users\anass\.m2\repository\com\google\errorprone\error_prone_annotations\2.26.1\error_prone_annotations-2.26.1.jar;C:\Users\anass\.m2\repository\com\google\j2objc\j2objc-annotations\3.0.0\j2objc-annotations-3.0.0.jar;C:\Users\anass\.m2\repository\io\opentelemetry\semconv\opentelemetry-semconv\1.23.1-alpha\opentelemetry-semconv-1.23.1-alpha.jar;C:\Users\anass\.m2\repository\io\opentelemetry\opentelemetry-api\1.36.0\opentelemetry-api-1.36.0.jar;C:\Users\anass\.m2\repository\io\opentelemetry\opentelemetry-context\1.36.0\opentelemetry-context-1.36.0.jar;C:\Users\anass\.m2\repository\io\opentelemetry\opentelemetry-exporter-logging\1.36.0\opentelemetry-exporter-logging-1.36.0.jar;C:\Users\anass\.m2\repository\io\opentelemetry\opentelemetry-sdk-common\1.36.0\opentelemetry-sdk-common-1.36.0.jar;C:\Users\anass\.m2\repository\io\opentelemetry\opentelemetry-sdk-extension-autoconfigure-spi\1.36.0\opentelemetry-sdk-extension-autoconfigure-spi-1.36.0.jar;C:\Users\anass\.m2\repository\io\opentelemetry\opentelemetry-sdk-extension-autoconfigure\1.36.0\opentelemetry-sdk-extension-autoconfigure-1.36.0.jar;C:\Users\anass\.m2\repository\io\opentelemetry\opentelemetry-api-events\1.36.0-alpha\opentelemetry-api-events-1.36.0-alpha.jar;C:\Users\anass\.m2\repository\io\opentelemetry\opentelemetry-sdk-trace\1.36.0\opentelemetry-sdk-trace-1.36.0.jar;C:\Users\anass\.m2\repository\io\opentelemetry\opentelemetry-extension-incubator\1.36.0-alpha\opentelemetry-extension-incubator-1.36.0-alpha.jar;C:\Users\anass\.m2\repository\io\opentelemetry\opentelemetry-sdk\1.36.0\opentelemetry-sdk-1.36.0.jar;C:\Users\anass\.m2\repository\io\opentelemetry\opentelemetry-sdk-metrics\1.36.0\opentelemetry-sdk-metrics-1.36.0.jar;C:\Users\anass\.m2\repository\io\opentelemetry\opentelemetry-sdk-logs\1.36.0\opentelemetry-sdk-logs-1.36.0.jar;C:\Users\anass\.m2\repository\net\bytebuddy\byte-buddy\1.14.12\byte-buddy-1.14.12.jar;C:\Users\anass\.m2\repository\org\seleniumhq\selenium\selenium-os\4.19.1\selenium-os-4.19.1.jar;C:\Users\anass\.m2\repository\org\apache\commons\commons-exec\1.3\commons-exec-1.3.jar;C:\Users\anass\.m2\repository\org\seleniumhq\selenium\selenium-support\4.19.1\selenium-support-4.19.1.jar;C:\Users\anass\.m2\repository\com\google\code\gson\gson\2.10.1\gson-2.10.1.jar;C:\Users\anass\.m2\repository\org\slf4j\slf4j-api\2.0.12\slf4j-api-2.0.12.jar;C:\Users\anass\.m2\repository\org\yaml\snakeyaml\2.0\snakeyaml-2.0.jar;"/>
    <property name="sun.cpu.endian" value="little"/>
    <property name="user.home" value="C:\Users\anass"/>
    <property name="user.language" value="en"/>
    <property name="java.specification.vendor" value="Oracle Corporation"/>
    <property name="java.version.date" value="2024-04-16"/>
    <property name="java.home" value="C:\Program Files\Java\jdk-17"/>
    <property name="file.separator" value="\"/>
    <property name="basedir" value="C:\Users\anass\OneDrive\Documents\Automation\AutomationFrameworkLibrary"/>
    <property name="java.vm.compressedOopsMode" value="Zero based"/>
    <property name="line.separator" value="&#10;"/>
    <property name="java.vm.specification.vendor" value="Oracle Corporation"/>
    <property name="java.specification.name" value="Java Platform API Specification"/>
    <property name="surefire.real.class.path" value="C:\Users\anass\AppData\Local\Temp\surefire11404520816238379849\surefirebooter-20240422215232330_3.jar"/>
    <property name="user.script" value=""/>
    <property name="sun.management.compiler" value="HotSpot 64-Bit Tiered Compilers"/>
    <property name="java.runtime.version" value="17.0.11+7-LTS-207"/>
    <property name="user.name" value="anass"/>
    <property name="path.separator" value=";"/>
    <property name="os.version" value="10.0"/>
    <property name="java.runtime.name" value="Java(TM) SE Runtime Environment"/>
    <property name="file.encoding" value="Cp1252"/>
    <property name="java.vm.name" value="Java HotSpot(TM) 64-Bit Server VM"/>
    <property name="localRepository" value="C:\Users\anass\.m2\repository"/>
    <property name="java.vendor.url.bug" value="https://bugreport.java.com/bugreport/"/>
    <property name="java.io.tmpdir" value="C:\Users\anass\AppData\Local\Temp\"/>
    <property name="java.version" value="17.0.11"/>
    <property name="user.dir" value="C:\Users\anass\OneDrive\Documents\Automation\AutomationFrameworkLibrary"/>
    <property name="os.arch" value="amd64"/>
    <property name="java.vm.specification.name" value="Java Virtual Machine Specification"/>
    <property name="sun.os.patch.level" value=""/>
    <property name="native.encoding" value="Cp1252"/>
    <property name="java.library.path" value="C:\Program Files\Java\jdk-17\bin;C:\WINDOWS\Sun\Java\bin;C:\WINDOWS\system32;C:\WINDOWS;C:\Program Files\Common Files\Oracle\Java\javapath;C:\Program Files (x86)\Common Files\Oracle\Java\java8path;C:\Program Files (x86)\Common Files\Oracle\Java\javapath;C:\WINDOWS\system32;C:\WINDOWS;C:\WINDOWS\System32\Wbem;C:\WINDOWS\System32\WindowsPowerShell\v1.0\;C:\WINDOWS\System32\OpenSSH\;C:\Program Files\Java\jdk-17\bin;C:\Program Files\apache-maven-3.9.6\bin;C:\Users\anass\AppData\Local\Microsoft\WindowsApps;;."/>
    <property name="java.vm.info" value="mixed mode, sharing"/>
    <property name="java.vendor" value="Oracle Corporation"/>
    <property name="java.vm.version" value="17.0.11+7-LTS-207"/>
    <property name="sun.io.unicode.encoding" value="UnicodeLittle"/>
    <property name="java.class.version" value="61.0"/>
  </properties>
  <testcase name="ymlTest" classname="automationframework.support.helpers.files.YmlTest" time="0.049">
    <system-out><![CDATA[{OnboardingPage={Choose_Country_DDL=//*[@data-id = 'login.chooseCountry'], Choose_Language_DDL=//*[@data-id = 'login.chooseLanguage'], Confirm_Btn=null}, LoginPage={Username_Txt_Box=, Password_Txt_Box=, Login_Btn=}}
]]></system-out>
  </testcase>
</testsuite>